c:\users\ghost\desktop\zlib1213\zlib-1.2.13\contrib\vstudio\vc14\x64\zlibdllrelease\vc143.pdb
c:\users\ghost\desktop\zlib1213\zlib-1.2.13\contrib\vstudio\vc14\x64\zlibdllrelease\tmp\zutil.obj
c:\users\ghost\desktop\zlib1213\zlib-1.2.13\contrib\vstudio\vc14\x64\zlibdllrelease\tmp\uncompr.obj
c:\users\ghost\desktop\zlib1213\zlib-1.2.13\contrib\vstudio\vc14\x64\zlibdllrelease\tmp\trees.obj
c:\users\ghost\desktop\zlib1213\zlib-1.2.13\contrib\vstudio\vc14\x64\zlibdllrelease\tmp\iowin32.obj
c:\users\ghost\desktop\zlib1213\zlib-1.2.13\contrib\vstudio\vc14\x64\zlibdllrelease\tmp\ioapi.obj
c:\users\ghost\desktop\zlib1213\zlib-1.2.13\contrib\vstudio\vc14\x64\zlibdllrelease\tmp\inftrees.obj
c:\users\ghost\desktop\zlib1213\zlib-1.2.13\contrib\vstudio\vc14\x64\zlibdllrelease\tmp\inflate.obj
c:\users\ghost\desktop\zlib1213\zlib-1.2.13\contrib\vstudio\vc14\x64\zlibdllrelease\tmp\inffast.obj
c:\users\ghost\desktop\zlib1213\zlib-1.2.13\contrib\vstudio\vc14\x64\zlibdllrelease\tmp\infback.obj
c:\users\ghost\desktop\zlib1213\zlib-1.2.13\contrib\vstudio\vc14\x64\zlibdllrelease\tmp\gzwrite.obj
c:\users\ghost\desktop\zlib1213\zlib-1.2.13\contrib\vstudio\vc14\x64\zlibdllrelease\tmp\gzread.obj
c:\users\ghost\desktop\zlib1213\zlib-1.2.13\contrib\vstudio\vc14\x64\zlibdllrelease\tmp\gzlib.obj
c:\users\ghost\desktop\zlib1213\zlib-1.2.13\contrib\vstudio\vc14\x64\zlibdllrelease\tmp\gzclose.obj
c:\users\ghost\desktop\zlib1213\zlib-1.2.13\contrib\vstudio\vc14\x64\zlibdllrelease\tmp\deflate.obj
c:\users\ghost\desktop\zlib1213\zlib-1.2.13\contrib\vstudio\vc14\x64\zlibdllrelease\tmp\crc32.obj
c:\users\ghost\desktop\zlib1213\zlib-1.2.13\contrib\vstudio\vc14\x64\zlibdllrelease\tmp\compress.obj
c:\users\ghost\desktop\zlib1213\zlib-1.2.13\contrib\vstudio\vc14\x64\zlibdllrelease\tmp\adler32.obj
c:\users\ghost\desktop\zlib1213\zlib-1.2.13\contrib\vstudio\vc14\x64\zlibdllrelease\tmp\zip.obj
c:\users\ghost\desktop\zlib1213\zlib-1.2.13\contrib\vstudio\vc14\x64\zlibdllrelease\tmp\unzip.obj
c:\users\ghost\desktop\zlib1213\zlib-1.2.13\contrib\vstudio\vc14\x64\zlibdllrelease\zlibwapi.dll
c:\users\ghost\desktop\zlib1213\zlib-1.2.13\contrib\vstudio\vc14\x64\zlibdllrelease\tmp\adler32.cod
c:\users\ghost\desktop\zlib1213\zlib-1.2.13\contrib\vstudio\vc14\x64\zlibdllrelease\tmp\compress.cod
c:\users\ghost\desktop\zlib1213\zlib-1.2.13\contrib\vstudio\vc14\x64\zlibdllrelease\tmp\crc32.cod
c:\users\ghost\desktop\zlib1213\zlib-1.2.13\contrib\vstudio\vc14\x64\zlibdllrelease\tmp\deflate.cod
c:\users\ghost\desktop\zlib1213\zlib-1.2.13\contrib\vstudio\vc14\x64\zlibdllrelease\tmp\gzclose.cod
c:\users\ghost\desktop\zlib1213\zlib-1.2.13\contrib\vstudio\vc14\x64\zlibdllrelease\tmp\gzlib.cod
c:\users\ghost\desktop\zlib1213\zlib-1.2.13\contrib\vstudio\vc14\x64\zlibdllrelease\tmp\gzread.cod
c:\users\ghost\desktop\zlib1213\zlib-1.2.13\contrib\vstudio\vc14\x64\zlibdllrelease\tmp\gzwrite.cod
c:\users\ghost\desktop\zlib1213\zlib-1.2.13\contrib\vstudio\vc14\x64\zlibdllrelease\tmp\infback.cod
c:\users\ghost\desktop\zlib1213\zlib-1.2.13\contrib\vstudio\vc14\x64\zlibdllrelease\tmp\inffast.cod
c:\users\ghost\desktop\zlib1213\zlib-1.2.13\contrib\vstudio\vc14\x64\zlibdllrelease\tmp\inflate.cod
c:\users\ghost\desktop\zlib1213\zlib-1.2.13\contrib\vstudio\vc14\x64\zlibdllrelease\tmp\inftrees.cod
c:\users\ghost\desktop\zlib1213\zlib-1.2.13\contrib\vstudio\vc14\x64\zlibdllrelease\tmp\ioapi.cod
c:\users\ghost\desktop\zlib1213\zlib-1.2.13\contrib\vstudio\vc14\x64\zlibdllrelease\tmp\iowin32.cod
c:\users\ghost\desktop\zlib1213\zlib-1.2.13\contrib\vstudio\vc14\x64\zlibdllrelease\tmp\trees.cod
c:\users\ghost\desktop\zlib1213\zlib-1.2.13\contrib\vstudio\vc14\x64\zlibdllrelease\tmp\uncompr.cod
c:\users\ghost\desktop\zlib1213\zlib-1.2.13\contrib\vstudio\vc14\x64\zlibdllrelease\tmp\unzip.cod
c:\users\ghost\desktop\zlib1213\zlib-1.2.13\contrib\vstudio\vc14\x64\zlibdllrelease\tmp\zip.cod
c:\users\ghost\desktop\zlib1213\zlib-1.2.13\contrib\vstudio\vc14\x64\zlibdllrelease\tmp\zutil.cod
c:\users\ghost\desktop\zlib1213\zlib-1.2.13\contrib\vstudio\vc14\x64\zlibdllrelease\tmp\zlibwapi.ipdb
c:\users\ghost\desktop\zlib1213\zlib-1.2.13\contrib\vstudio\vc14\x64\zlibdllrelease\zlibwapi.pdb
c:\users\ghost\desktop\zlib1213\zlib-1.2.13\contrib\vstudio\vc14\x64\zlibdllrelease\tmp\zlibwapi.iobj
c:\users\ghost\desktop\zlib1213\zlib-1.2.13\contrib\vstudio\vc14\x64\zlibdllrelease\zlibwapi.map
c:\users\ghost\desktop\zlib1213\zlib-1.2.13\contrib\vstudio\vc14\x64\zlibdllrelease\zlibwapi.lib
c:\users\ghost\desktop\zlib1213\zlib-1.2.13\contrib\vstudio\vc14\x64\zlibdllrelease\zlibwapi.exp
c:\users\ghost\desktop\zlib1213\zlib-1.2.13\contrib\vstudio\vc14\x64\zlibdllrelease\tmp\zlib.res
c:\users\ghost\perforce\shafeli2_desktop\23sp-gap301_vc1\shafeli2\brokkrengine\lib\zlib\contrib\vstudio\vc14\x64\zlibdllrelease\tmp\adler32.obj
c:\users\ghost\perforce\shafeli2_desktop\23sp-gap301_vc1\shafeli2\brokkrengine\lib\zlib\contrib\vstudio\vc14\x64\zlibdllrelease\tmp\compress.obj
c:\users\ghost\perforce\shafeli2_desktop\23sp-gap301_vc1\shafeli2\brokkrengine\lib\zlib\contrib\vstudio\vc14\x64\zlibdllrelease\tmp\crc32.obj
c:\users\ghost\perforce\shafeli2_desktop\23sp-gap301_vc1\shafeli2\brokkrengine\lib\zlib\contrib\vstudio\vc14\x64\zlibdllrelease\tmp\deflate.obj
c:\users\ghost\perforce\shafeli2_desktop\23sp-gap301_vc1\shafeli2\brokkrengine\lib\zlib\contrib\vstudio\vc14\x64\zlibdllrelease\tmp\gzclose.obj
c:\users\ghost\perforce\shafeli2_desktop\23sp-gap301_vc1\shafeli2\brokkrengine\lib\zlib\contrib\vstudio\vc14\x64\zlibdllrelease\tmp\gzlib.obj
c:\users\ghost\perforce\shafeli2_desktop\23sp-gap301_vc1\shafeli2\brokkrengine\lib\zlib\contrib\vstudio\vc14\x64\zlibdllrelease\tmp\gzread.obj
c:\users\ghost\perforce\shafeli2_desktop\23sp-gap301_vc1\shafeli2\brokkrengine\lib\zlib\contrib\vstudio\vc14\x64\zlibdllrelease\tmp\gzwrite.obj
c:\users\ghost\perforce\shafeli2_desktop\23sp-gap301_vc1\shafeli2\brokkrengine\lib\zlib\contrib\vstudio\vc14\x64\zlibdllrelease\tmp\infback.obj
c:\users\ghost\perforce\shafeli2_desktop\23sp-gap301_vc1\shafeli2\brokkrengine\lib\zlib\contrib\vstudio\vc14\x64\zlibdllrelease\tmp\inffast.obj
c:\users\ghost\perforce\shafeli2_desktop\23sp-gap301_vc1\shafeli2\brokkrengine\lib\zlib\contrib\vstudio\vc14\x64\zlibdllrelease\tmp\inflate.obj
c:\users\ghost\perforce\shafeli2_desktop\23sp-gap301_vc1\shafeli2\brokkrengine\lib\zlib\contrib\vstudio\vc14\x64\zlibdllrelease\tmp\inftrees.obj
c:\users\ghost\perforce\shafeli2_desktop\23sp-gap301_vc1\shafeli2\brokkrengine\lib\zlib\contrib\vstudio\vc14\x64\zlibdllrelease\tmp\ioapi.obj
c:\users\ghost\perforce\shafeli2_desktop\23sp-gap301_vc1\shafeli2\brokkrengine\lib\zlib\contrib\vstudio\vc14\x64\zlibdllrelease\tmp\iowin32.obj
c:\users\ghost\perforce\shafeli2_desktop\23sp-gap301_vc1\shafeli2\brokkrengine\lib\zlib\contrib\vstudio\vc14\x64\zlibdllrelease\tmp\trees.obj
c:\users\ghost\perforce\shafeli2_desktop\23sp-gap301_vc1\shafeli2\brokkrengine\lib\zlib\contrib\vstudio\vc14\x64\zlibdllrelease\tmp\uncompr.obj
c:\users\ghost\perforce\shafeli2_desktop\23sp-gap301_vc1\shafeli2\brokkrengine\lib\zlib\contrib\vstudio\vc14\x64\zlibdllrelease\tmp\unzip.obj
c:\users\ghost\perforce\shafeli2_desktop\23sp-gap301_vc1\shafeli2\brokkrengine\lib\zlib\contrib\vstudio\vc14\x64\zlibdllrelease\tmp\zip.obj
c:\users\ghost\perforce\shafeli2_desktop\23sp-gap301_vc1\shafeli2\brokkrengine\lib\zlib\contrib\vstudio\vc14\x64\zlibdllrelease\tmp\zutil.obj
c:\users\ghost\perforce\shafeli2_desktop\23sp-gap301_vc1\shafeli2\brokkrengine\lib\zlib\contrib\vstudio\vc14\x64\zlibdllrelease\tmp\zlibwapi.ipdb
c:\users\ghost\perforce\shafeli2_desktop\23sp-gap301_vc1\shafeli2\brokkrengine\lib\zlib\contrib\vstudio\vc14\x64\zlibdllrelease\tmp\zlibwapi.iobj
c:\users\ghost\perforce\shafeli2_desktop\23sp-gap301_vc1\shafeli2\brokkrengine\lib\zlib\contrib\vstudio\vc14\x64\zlibdllrelease\tmp\zlib.res
c:\users\ghost\perforce\shafeli2_desktop\23sp-gap301_vc1\shafeli2\brokkrengine\lib\zlib\contrib\vstudio\vc14\x64\zlibdllrelease\zlibwapi.dll
c:\users\ghost\perforce\shafeli2_desktop\23sp-gap301_vc1\shafeli2\brokkrengine\lib\zlib\contrib\vstudio\vc14\x64\zlibdllrelease\tmp\zlibvc.tlog\cl.command.1.tlog
c:\users\ghost\perforce\shafeli2_desktop\23sp-gap301_vc1\shafeli2\brokkrengine\lib\zlib\contrib\vstudio\vc14\x64\zlibdllrelease\tmp\zlibvc.tlog\cl.read.1.tlog
c:\users\ghost\perforce\shafeli2_desktop\23sp-gap301_vc1\shafeli2\brokkrengine\lib\zlib\contrib\vstudio\vc14\x64\zlibdllrelease\tmp\zlibvc.tlog\cl.write.1.tlog
c:\users\ghost\perforce\shafeli2_desktop\23sp-gap301_vc1\shafeli2\brokkrengine\lib\zlib\contrib\vstudio\vc14\x64\zlibdllrelease\tmp\zlibvc.tlog\link.command.1.tlog
c:\users\ghost\perforce\shafeli2_desktop\23sp-gap301_vc1\shafeli2\brokkrengine\lib\zlib\contrib\vstudio\vc14\x64\zlibdllrelease\tmp\zlibvc.tlog\link.read.1.tlog
c:\users\ghost\perforce\shafeli2_desktop\23sp-gap301_vc1\shafeli2\brokkrengine\lib\zlib\contrib\vstudio\vc14\x64\zlibdllrelease\tmp\zlibvc.tlog\link.write.1.tlog
c:\users\ghost\perforce\shafeli2_desktop\23sp-gap301_vc1\shafeli2\brokkrengine\lib\zlib\contrib\vstudio\vc14\x64\zlibdllrelease\tmp\zlibvc.tlog\link.write.2u.tlog
c:\users\ghost\perforce\shafeli2_desktop\23sp-gap301_vc1\shafeli2\brokkrengine\lib\zlib\contrib\vstudio\vc14\x64\zlibdllrelease\tmp\zlibvc.tlog\rc.command.1.tlog
c:\users\ghost\perforce\shafeli2_desktop\23sp-gap301_vc1\shafeli2\brokkrengine\lib\zlib\contrib\vstudio\vc14\x64\zlibdllrelease\tmp\zlibvc.tlog\rc.read.1.tlog
c:\users\ghost\perforce\shafeli2_desktop\23sp-gap301_vc1\shafeli2\brokkrengine\lib\zlib\contrib\vstudio\vc14\x64\zlibdllrelease\tmp\zlibvc.tlog\rc.write.1.tlog
