c:\users\ghost\perforce\shafeli2_desktop\23sp-gap301_vc1\shafeli2\brokkrengine\lib\zlib\contrib\vstudio\vc14\x64\zlibdlldebug\vc143.pdb
c:\users\ghost\perforce\shafeli2_desktop\23sp-gap301_vc1\shafeli2\brokkrengine\lib\zlib\contrib\vstudio\vc14\x64\zlibdlldebug\tmp\zutil.obj
c:\users\ghost\perforce\shafeli2_desktop\23sp-gap301_vc1\shafeli2\brokkrengine\lib\zlib\contrib\vstudio\vc14\x64\zlibdlldebug\tmp\zip.obj
c:\users\ghost\perforce\shafeli2_desktop\23sp-gap301_vc1\shafeli2\brokkrengine\lib\zlib\contrib\vstudio\vc14\x64\zlibdlldebug\tmp\unzip.obj
c:\users\ghost\perforce\shafeli2_desktop\23sp-gap301_vc1\shafeli2\brokkrengine\lib\zlib\contrib\vstudio\vc14\x64\zlibdlldebug\tmp\uncompr.obj
c:\users\ghost\perforce\shafeli2_desktop\23sp-gap301_vc1\shafeli2\brokkrengine\lib\zlib\contrib\vstudio\vc14\x64\zlibdlldebug\tmp\trees.obj
c:\users\ghost\perforce\shafeli2_desktop\23sp-gap301_vc1\shafeli2\brokkrengine\lib\zlib\contrib\vstudio\vc14\x64\zlibdlldebug\tmp\iowin32.obj
c:\users\ghost\perforce\shafeli2_desktop\23sp-gap301_vc1\shafeli2\brokkrengine\lib\zlib\contrib\vstudio\vc14\x64\zlibdlldebug\tmp\ioapi.obj
c:\users\ghost\perforce\shafeli2_desktop\23sp-gap301_vc1\shafeli2\brokkrengine\lib\zlib\contrib\vstudio\vc14\x64\zlibdlldebug\tmp\inftrees.obj
c:\users\ghost\perforce\shafeli2_desktop\23sp-gap301_vc1\shafeli2\brokkrengine\lib\zlib\contrib\vstudio\vc14\x64\zlibdlldebug\tmp\inflate.obj
c:\users\ghost\perforce\shafeli2_desktop\23sp-gap301_vc1\shafeli2\brokkrengine\lib\zlib\contrib\vstudio\vc14\x64\zlibdlldebug\tmp\inffast.obj
c:\users\ghost\perforce\shafeli2_desktop\23sp-gap301_vc1\shafeli2\brokkrengine\lib\zlib\contrib\vstudio\vc14\x64\zlibdlldebug\tmp\infback.obj
c:\users\ghost\perforce\shafeli2_desktop\23sp-gap301_vc1\shafeli2\brokkrengine\lib\zlib\contrib\vstudio\vc14\x64\zlibdlldebug\tmp\gzwrite.obj
c:\users\ghost\perforce\shafeli2_desktop\23sp-gap301_vc1\shafeli2\brokkrengine\lib\zlib\contrib\vstudio\vc14\x64\zlibdlldebug\tmp\gzread.obj
c:\users\ghost\perforce\shafeli2_desktop\23sp-gap301_vc1\shafeli2\brokkrengine\lib\zlib\contrib\vstudio\vc14\x64\zlibdlldebug\tmp\gzlib.obj
c:\users\ghost\perforce\shafeli2_desktop\23sp-gap301_vc1\shafeli2\brokkrengine\lib\zlib\contrib\vstudio\vc14\x64\zlibdlldebug\tmp\gzclose.obj
c:\users\ghost\perforce\shafeli2_desktop\23sp-gap301_vc1\shafeli2\brokkrengine\lib\zlib\contrib\vstudio\vc14\x64\zlibdlldebug\tmp\deflate.obj
c:\users\ghost\perforce\shafeli2_desktop\23sp-gap301_vc1\shafeli2\brokkrengine\lib\zlib\contrib\vstudio\vc14\x64\zlibdlldebug\tmp\crc32.obj
c:\users\ghost\perforce\shafeli2_desktop\23sp-gap301_vc1\shafeli2\brokkrengine\lib\zlib\contrib\vstudio\vc14\x64\zlibdlldebug\tmp\compress.obj
c:\users\ghost\perforce\shafeli2_desktop\23sp-gap301_vc1\shafeli2\brokkrengine\lib\zlib\contrib\vstudio\vc14\x64\zlibdlldebug\tmp\adler32.obj
c:\users\ghost\desktop\zlib1213\zlib-1.2.13\contrib\vstudio\vc14\x64\zlibdlldebug\zlibwapi.lib
c:\users\ghost\desktop\zlib1213\zlib-1.2.13\contrib\vstudio\vc14\x64\zlibdlldebug\zlibwapi.exp
c:\users\ghost\perforce\shafeli2_desktop\23sp-gap301_vc1\shafeli2\brokkrengine\lib\zlib\contrib\vstudio\vc14\x64\zlibdlldebug\zlibwapi.dll
c:\users\ghost\perforce\shafeli2_desktop\23sp-gap301_vc1\shafeli2\brokkrengine\lib\zlib\contrib\vstudio\vc14\x64\zlibdlldebug\tmp\zlibwapi.ilk
c:\users\ghost\perforce\shafeli2_desktop\23sp-gap301_vc1\shafeli2\brokkrengine\lib\zlib\contrib\vstudio\vc14\x64\zlibdlldebug\zlibwapi.pdb
c:\users\ghost\perforce\shafeli2_desktop\23sp-gap301_vc1\shafeli2\brokkrengine\lib\zlib\contrib\vstudio\vc14\x64\zlibdlldebug\zlibwapi.map
c:\users\ghost\perforce\shafeli2_desktop\23sp-gap301_vc1\shafeli2\brokkrengine\lib\zlib\contrib\vstudio\vc14\x64\zlibdlldebug\zlibwapi.lib
c:\users\ghost\perforce\shafeli2_desktop\23sp-gap301_vc1\shafeli2\brokkrengine\lib\zlib\contrib\vstudio\vc14\x64\zlibdlldebug\zlibwapi.exp
c:\users\ghost\perforce\shafeli2_desktop\23sp-gap301_vc1\shafeli2\brokkrengine\lib\zlib\contrib\vstudio\vc14\x64\zlibdlldebug\tmp\zlib.res
c:\users\ghost\perforce\shafeli2_desktop\23sp-gap301_vc1\shafeli2\brokkrengine\lib\zlib\contrib\vstudio\vc14\x64\zlibdlldebug\tmp\zlibvc.tlog\cl.command.1.tlog
c:\users\ghost\perforce\shafeli2_desktop\23sp-gap301_vc1\shafeli2\brokkrengine\lib\zlib\contrib\vstudio\vc14\x64\zlibdlldebug\tmp\zlibvc.tlog\cl.read.1.tlog
c:\users\ghost\perforce\shafeli2_desktop\23sp-gap301_vc1\shafeli2\brokkrengine\lib\zlib\contrib\vstudio\vc14\x64\zlibdlldebug\tmp\zlibvc.tlog\cl.write.1.tlog
c:\users\ghost\perforce\shafeli2_desktop\23sp-gap301_vc1\shafeli2\brokkrengine\lib\zlib\contrib\vstudio\vc14\x64\zlibdlldebug\tmp\zlibvc.tlog\link.command.1.tlog
c:\users\ghost\perforce\shafeli2_desktop\23sp-gap301_vc1\shafeli2\brokkrengine\lib\zlib\contrib\vstudio\vc14\x64\zlibdlldebug\tmp\zlibvc.tlog\link.read.1.tlog
c:\users\ghost\perforce\shafeli2_desktop\23sp-gap301_vc1\shafeli2\brokkrengine\lib\zlib\contrib\vstudio\vc14\x64\zlibdlldebug\tmp\zlibvc.tlog\link.write.1.tlog
c:\users\ghost\perforce\shafeli2_desktop\23sp-gap301_vc1\shafeli2\brokkrengine\lib\zlib\contrib\vstudio\vc14\x64\zlibdlldebug\tmp\zlibvc.tlog\link.write.2u.tlog
c:\users\ghost\perforce\shafeli2_desktop\23sp-gap301_vc1\shafeli2\brokkrengine\lib\zlib\contrib\vstudio\vc14\x64\zlibdlldebug\tmp\zlibvc.tlog\rc.command.1.tlog
c:\users\ghost\perforce\shafeli2_desktop\23sp-gap301_vc1\shafeli2\brokkrengine\lib\zlib\contrib\vstudio\vc14\x64\zlibdlldebug\tmp\zlibvc.tlog\rc.read.1.tlog
c:\users\ghost\perforce\shafeli2_desktop\23sp-gap301_vc1\shafeli2\brokkrengine\lib\zlib\contrib\vstudio\vc14\x64\zlibdlldebug\tmp\zlibvc.tlog\rc.write.1.tlog
