c:\users\ghost\desktop\zlib1213\zlib-1.2.13\contrib\vstudio\vc14\x64\zlibstatrelease\zlibstat.pdb
c:\users\ghost\desktop\zlib1213\zlib-1.2.13\contrib\vstudio\vc14\x64\zlibstatrelease\tmp\zutil.obj
c:\users\ghost\desktop\zlib1213\zlib-1.2.13\contrib\vstudio\vc14\x64\zlibstatrelease\tmp\zip.obj
c:\users\ghost\desktop\zlib1213\zlib-1.2.13\contrib\vstudio\vc14\x64\zlibstatrelease\tmp\unzip.obj
c:\users\ghost\desktop\zlib1213\zlib-1.2.13\contrib\vstudio\vc14\x64\zlibstatrelease\tmp\uncompr.obj
c:\users\ghost\desktop\zlib1213\zlib-1.2.13\contrib\vstudio\vc14\x64\zlibstatrelease\tmp\trees.obj
c:\users\ghost\desktop\zlib1213\zlib-1.2.13\contrib\vstudio\vc14\x64\zlibstatrelease\tmp\ioapi.obj
c:\users\ghost\desktop\zlib1213\zlib-1.2.13\contrib\vstudio\vc14\x64\zlibstatrelease\tmp\inftrees.obj
c:\users\ghost\desktop\zlib1213\zlib-1.2.13\contrib\vstudio\vc14\x64\zlibstatrelease\tmp\inflate.obj
c:\users\ghost\desktop\zlib1213\zlib-1.2.13\contrib\vstudio\vc14\x64\zlibstatrelease\tmp\inffast.obj
c:\users\ghost\desktop\zlib1213\zlib-1.2.13\contrib\vstudio\vc14\x64\zlibstatrelease\tmp\infback.obj
c:\users\ghost\desktop\zlib1213\zlib-1.2.13\contrib\vstudio\vc14\x64\zlibstatrelease\tmp\gzwrite.obj
c:\users\ghost\desktop\zlib1213\zlib-1.2.13\contrib\vstudio\vc14\x64\zlibstatrelease\tmp\gzread.obj
c:\users\ghost\desktop\zlib1213\zlib-1.2.13\contrib\vstudio\vc14\x64\zlibstatrelease\tmp\gzlib.obj
c:\users\ghost\desktop\zlib1213\zlib-1.2.13\contrib\vstudio\vc14\x64\zlibstatrelease\tmp\gzclose.obj
c:\users\ghost\desktop\zlib1213\zlib-1.2.13\contrib\vstudio\vc14\x64\zlibstatrelease\tmp\deflate.obj
c:\users\ghost\desktop\zlib1213\zlib-1.2.13\contrib\vstudio\vc14\x64\zlibstatrelease\tmp\crc32.obj
c:\users\ghost\desktop\zlib1213\zlib-1.2.13\contrib\vstudio\vc14\x64\zlibstatrelease\tmp\compress.obj
c:\users\ghost\desktop\zlib1213\zlib-1.2.13\contrib\vstudio\vc14\x64\zlibstatrelease\tmp\adler32.obj
c:\users\ghost\desktop\zlib1213\zlib-1.2.13\contrib\vstudio\vc14\x64\zlibstatrelease\zlibstat.lib
c:\users\ghost\desktop\zlib1213\zlib-1.2.13\contrib\vstudio\vc14\x64\zlibstatrelease\tmp\zlib.res
c:\users\ghost\perforce\shafeli2_desktop\23sp-gap301_vc1\shafeli2\brokkrengine\lib\zlib\contrib\vstudio\vc14\x64\zlibstatrelease\tmp\adler32.obj
c:\users\ghost\perforce\shafeli2_desktop\23sp-gap301_vc1\shafeli2\brokkrengine\lib\zlib\contrib\vstudio\vc14\x64\zlibstatrelease\tmp\compress.obj
c:\users\ghost\perforce\shafeli2_desktop\23sp-gap301_vc1\shafeli2\brokkrengine\lib\zlib\contrib\vstudio\vc14\x64\zlibstatrelease\tmp\crc32.obj
c:\users\ghost\perforce\shafeli2_desktop\23sp-gap301_vc1\shafeli2\brokkrengine\lib\zlib\contrib\vstudio\vc14\x64\zlibstatrelease\tmp\deflate.obj
c:\users\ghost\perforce\shafeli2_desktop\23sp-gap301_vc1\shafeli2\brokkrengine\lib\zlib\contrib\vstudio\vc14\x64\zlibstatrelease\tmp\gzclose.obj
c:\users\ghost\perforce\shafeli2_desktop\23sp-gap301_vc1\shafeli2\brokkrengine\lib\zlib\contrib\vstudio\vc14\x64\zlibstatrelease\tmp\gzlib.obj
c:\users\ghost\perforce\shafeli2_desktop\23sp-gap301_vc1\shafeli2\brokkrengine\lib\zlib\contrib\vstudio\vc14\x64\zlibstatrelease\tmp\gzread.obj
c:\users\ghost\perforce\shafeli2_desktop\23sp-gap301_vc1\shafeli2\brokkrengine\lib\zlib\contrib\vstudio\vc14\x64\zlibstatrelease\tmp\gzwrite.obj
c:\users\ghost\perforce\shafeli2_desktop\23sp-gap301_vc1\shafeli2\brokkrengine\lib\zlib\contrib\vstudio\vc14\x64\zlibstatrelease\tmp\infback.obj
c:\users\ghost\perforce\shafeli2_desktop\23sp-gap301_vc1\shafeli2\brokkrengine\lib\zlib\contrib\vstudio\vc14\x64\zlibstatrelease\tmp\inffast.obj
c:\users\ghost\perforce\shafeli2_desktop\23sp-gap301_vc1\shafeli2\brokkrengine\lib\zlib\contrib\vstudio\vc14\x64\zlibstatrelease\tmp\inflate.obj
c:\users\ghost\perforce\shafeli2_desktop\23sp-gap301_vc1\shafeli2\brokkrengine\lib\zlib\contrib\vstudio\vc14\x64\zlibstatrelease\tmp\inftrees.obj
c:\users\ghost\perforce\shafeli2_desktop\23sp-gap301_vc1\shafeli2\brokkrengine\lib\zlib\contrib\vstudio\vc14\x64\zlibstatrelease\tmp\ioapi.obj
c:\users\ghost\perforce\shafeli2_desktop\23sp-gap301_vc1\shafeli2\brokkrengine\lib\zlib\contrib\vstudio\vc14\x64\zlibstatrelease\tmp\trees.obj
c:\users\ghost\perforce\shafeli2_desktop\23sp-gap301_vc1\shafeli2\brokkrengine\lib\zlib\contrib\vstudio\vc14\x64\zlibstatrelease\tmp\uncompr.obj
c:\users\ghost\perforce\shafeli2_desktop\23sp-gap301_vc1\shafeli2\brokkrengine\lib\zlib\contrib\vstudio\vc14\x64\zlibstatrelease\tmp\unzip.obj
c:\users\ghost\perforce\shafeli2_desktop\23sp-gap301_vc1\shafeli2\brokkrengine\lib\zlib\contrib\vstudio\vc14\x64\zlibstatrelease\tmp\zip.obj
c:\users\ghost\perforce\shafeli2_desktop\23sp-gap301_vc1\shafeli2\brokkrengine\lib\zlib\contrib\vstudio\vc14\x64\zlibstatrelease\tmp\zutil.obj
c:\users\ghost\perforce\shafeli2_desktop\23sp-gap301_vc1\shafeli2\brokkrengine\lib\zlib\contrib\vstudio\vc14\x64\zlibstatrelease\tmp\zlib.res
c:\users\ghost\perforce\shafeli2_desktop\23sp-gap301_vc1\shafeli2\brokkrengine\lib\zlib\contrib\vstudio\vc14\x64\zlibstatrelease\zlibstat.lib
c:\users\ghost\perforce\shafeli2_desktop\23sp-gap301_vc1\shafeli2\brokkrengine\lib\zlib\contrib\vstudio\vc14\x64\zlibstatrelease\tmp\zlibstat.tlog\cl.command.1.tlog
c:\users\ghost\perforce\shafeli2_desktop\23sp-gap301_vc1\shafeli2\brokkrengine\lib\zlib\contrib\vstudio\vc14\x64\zlibstatrelease\tmp\zlibstat.tlog\cl.read.1.tlog
c:\users\ghost\perforce\shafeli2_desktop\23sp-gap301_vc1\shafeli2\brokkrengine\lib\zlib\contrib\vstudio\vc14\x64\zlibstatrelease\tmp\zlibstat.tlog\cl.write.1.tlog
c:\users\ghost\perforce\shafeli2_desktop\23sp-gap301_vc1\shafeli2\brokkrengine\lib\zlib\contrib\vstudio\vc14\x64\zlibstatrelease\tmp\zlibstat.tlog\lib-link-cvtres.read.1.tlog
c:\users\ghost\perforce\shafeli2_desktop\23sp-gap301_vc1\shafeli2\brokkrengine\lib\zlib\contrib\vstudio\vc14\x64\zlibstatrelease\tmp\zlibstat.tlog\lib-link-cvtres.write.1.tlog
c:\users\ghost\perforce\shafeli2_desktop\23sp-gap301_vc1\shafeli2\brokkrengine\lib\zlib\contrib\vstudio\vc14\x64\zlibstatrelease\tmp\zlibstat.tlog\lib.command.1.tlog
c:\users\ghost\perforce\shafeli2_desktop\23sp-gap301_vc1\shafeli2\brokkrengine\lib\zlib\contrib\vstudio\vc14\x64\zlibstatrelease\tmp\zlibstat.tlog\rc.command.1.tlog
c:\users\ghost\perforce\shafeli2_desktop\23sp-gap301_vc1\shafeli2\brokkrengine\lib\zlib\contrib\vstudio\vc14\x64\zlibstatrelease\tmp\zlibstat.tlog\rc.read.1.tlog
c:\users\ghost\perforce\shafeli2_desktop\23sp-gap301_vc1\shafeli2\brokkrengine\lib\zlib\contrib\vstudio\vc14\x64\zlibstatrelease\tmp\zlibstat.tlog\rc.write.1.tlog
